#
# There is insufficient memory for the Java Runtime Environment to continue.
# Native memory allocation (malloc) failed to allocate 1664800 bytes. Error detail: Chunk::new
# Possible reasons:
#   The system is out of physical RAM or swap space
#   This process is running with CompressedOops enabled, and the Java Heap may be blocking the growth of the native heap
# Possible solutions:
#   Reduce memory load on the system
#   Increase physical memory or swap space
#   Check if swap backing store is full
#   Decrease Java heap size (-Xmx/-Xms)
#   Decrease number of Java threads
#   Decrease Java thread stack sizes (-Xss)
#   Set larger code cache with -XX:ReservedCodeCacheSize=
#   JVM is running with Unscaled Compressed Oops mode in which the Java heap is
#     placed in the first 4GB address space. The Java Heap base address is the
#     maximum limit for the native heap growth. Please use -XX:HeapBaseMinAddress
#     to set the Java Heap base and to place the Java Heap above 4GB virtual address.
# This output file may be truncated or incomplete.
#
#  Out of Memory Error (arena.cpp:168), pid=11488, tid=13168
#
# JRE version: OpenJDK Runtime Environment Temurin-21.0.5+11 (21.0.5+11) (build 21.0.5+11-LTS)
# Java VM: OpenJDK 64-Bit Server VM Temurin-21.0.5+11 (21.0.5+11-LTS, mixed mode, sharing, tiered, compressed oops, compressed class ptrs, parallel gc, windows-amd64)
# No core dump will be written. Minidumps are not enabled by default on client versions of Windows
#

---------------  S U M M A R Y ------------

Command Line: --add-modules=ALL-SYSTEM --add-opens=java.base/java.util=ALL-UNNAMED --add-opens=java.base/java.lang=ALL-UNNAMED --add-opens=java.base/sun.nio.fs=ALL-UNNAMED -Declipse.application=org.eclipse.jdt.ls.core.id1 -Dosgi.bundles.defaultStartLevel=4 -Declipse.product=org.eclipse.jdt.ls.core.product -Djava.import.generatesMetadataFilesAtProjectRoot=false -DDetectVMInstallationsJob.disabled=true -Dfile.encoding=utf8 -XX:+UseParallelGC -XX:GCTimeRatio=4 -XX:AdaptiveSizePolicyWeight=90 -Dsun.zip.disableMemoryMapping=true -Xmx1G -Xms100m -Xlog:disable -javaagent:c:\Users\rfmen\.vscode\extensions\redhat.java-1.39.0-win32-x64\lombok\lombok-1.18.34.jar -XX:+HeapDumpOnOutOfMemoryError -XX:HeapDumpPath=c:\Users\rfmen\AppData\Roaming\Code\User\workspaceStorage\bb6658dea6eaa70c7a1afc0cfa785c87\redhat.java -Daether.dependencyCollector.impl=bf c:\Users\rfmen\.vscode\extensions\redhat.java-1.39.0-win32-x64\server\plugins\org.eclipse.equinox.launcher_1.6.900.v20240613-2009.jar -configuration c:\Users\rfmen\AppData\Roaming\Code\User\globalStorage\redhat.java\1.39.0\config_win -data c:\Users\rfmen\AppData\Roaming\Code\User\workspaceStorage\bb6658dea6eaa70c7a1afc0cfa785c87\redhat.java\jdt_ws --pipe=\\.\pipe\lsp-6476b1823960734e904b7952e83af1a3-sock

Host: Intel(R) Core(TM) i5-3470 CPU @ 3.20GHz, 4 cores, 7G,  Windows 10 , 64 bit Build 19041 (10.0.19041.5438)
Time: Fri Feb 14 15:07:39 2025 Hora oficial do Brasil elapsed time: 5.885064 seconds (0d 0h 0m 5s)

---------------  T H R E A D  ---------------

Current thread (0x0000022b157d5dc0):  JavaThread "C2 CompilerThread0" daemon [_thread_in_native, id=13168, stack(0x0000007e4ab00000,0x0000007e4ac00000) (1024K)]


Current CompileTask:
C2:5885 3511       4       java.lang.invoke.MethodType::makeImpl (109 bytes)

Stack: [0x0000007e4ab00000,0x0000007e4ac00000]
Native frames: (J=compiled Java code, j=interpreted, Vv=VM code, C=native code)
V  [jvm.dll+0x6cd4e9]
V  [jvm.dll+0x8a7941]
V  [jvm.dll+0x8a9e6e]
V  [jvm.dll+0x8aa543]
V  [jvm.dll+0x27f6d6]
V  [jvm.dll+0xc500d]
V  [jvm.dll+0xc5543]
V  [jvm.dll+0x3b660c]
V  [jvm.dll+0x382835]
V  [jvm.dll+0x381c9a]
V  [jvm.dll+0x2479d0]
V  [jvm.dll+0x246faf]
V  [jvm.dll+0x1c75ce]
V  [jvm.dll+0x25682a]
V  [jvm.dll+0x254dca]
V  [jvm.dll+0x3f00d6]
V  [jvm.dll+0x8514fb]
V  [jvm.dll+0x6cbbed]
C  [ucrtbase.dll+0x21bb2]
C  [KERNEL32.DLL+0x17374]
C  [ntdll.dll+0x4cc91]


---------------  P R O C E S S  ---------------

Threads class SMR info:
_java_thread_list=0x0000022b5cdab530, length=22, elements={
0x0000022b7f0ca5c0, 0x0000022b157cba60, 0x0000022b157cd360, 0x0000022b157cf900,
0x0000022b157d0810, 0x0000022b157d3530, 0x0000022b157d4f90, 0x0000022b157d5dc0,
0x0000022b1584cd00, 0x0000022b1589e400, 0x0000022b57956dc0, 0x0000022b5c33c540,
0x0000022b5c4b0650, 0x0000022b5c52f740, 0x0000022b5c5ef040, 0x0000022b5c8c0500,
0x0000022b5ca75090, 0x0000022b5cb0bb00, 0x0000022b5c599dd0, 0x0000022b5c59a460,
0x0000022b5c59b810, 0x0000022b5d16d730
}

Java Threads: ( => current thread )
  0x0000022b7f0ca5c0 JavaThread "main"                              [_thread_blocked, id=9808, stack(0x0000007e4a000000,0x0000007e4a100000) (1024K)]
  0x0000022b157cba60 JavaThread "Reference Handler"          daemon [_thread_blocked, id=7228, stack(0x0000007e4a500000,0x0000007e4a600000) (1024K)]
  0x0000022b157cd360 JavaThread "Finalizer"                  daemon [_thread_blocked, id=3280, stack(0x0000007e4a600000,0x0000007e4a700000) (1024K)]
  0x0000022b157cf900 JavaThread "Signal Dispatcher"          daemon [_thread_blocked, id=12876, stack(0x0000007e4a700000,0x0000007e4a800000) (1024K)]
  0x0000022b157d0810 JavaThread "Attach Listener"            daemon [_thread_blocked, id=12472, stack(0x0000007e4a800000,0x0000007e4a900000) (1024K)]
  0x0000022b157d3530 JavaThread "Service Thread"             daemon [_thread_blocked, id=8252, stack(0x0000007e4a900000,0x0000007e4aa00000) (1024K)]
  0x0000022b157d4f90 JavaThread "Monitor Deflation Thread"   daemon [_thread_blocked, id=7900, stack(0x0000007e4aa00000,0x0000007e4ab00000) (1024K)]
=>0x0000022b157d5dc0 JavaThread "C2 CompilerThread0"         daemon [_thread_in_native, id=13168, stack(0x0000007e4ab00000,0x0000007e4ac00000) (1024K)]
  0x0000022b1584cd00 JavaThread "C1 CompilerThread0"         daemon [_thread_blocked, id=8660, stack(0x0000007e4ac00000,0x0000007e4ad00000) (1024K)]
  0x0000022b1589e400 JavaThread "Common-Cleaner"             daemon [_thread_blocked, id=12976, stack(0x0000007e4ad00000,0x0000007e4ae00000) (1024K)]
  0x0000022b57956dc0 JavaThread "Notification Thread"        daemon [_thread_blocked, id=4524, stack(0x0000007e4ae00000,0x0000007e4af00000) (1024K)]
  0x0000022b5c33c540 JavaThread "Active Thread: Equinox Container: eadf0d23-923c-4a12-99eb-c27f551a0539"        [_thread_blocked, id=12448, stack(0x0000007e4b300000,0x0000007e4b400000) (1024K)]
  0x0000022b5c4b0650 JavaThread "Refresh Thread: Equinox Container: eadf0d23-923c-4a12-99eb-c27f551a0539" daemon [_thread_blocked, id=12708, stack(0x0000007e4b400000,0x0000007e4b500000) (1024K)]
  0x0000022b5c52f740 JavaThread "Framework Event Dispatcher: Equinox Container: eadf0d23-923c-4a12-99eb-c27f551a0539" daemon [_thread_blocked, id=5600, stack(0x0000007e4b500000,0x0000007e4b600000) (1024K)]
  0x0000022b5c5ef040 JavaThread "Start Level: Equinox Container: eadf0d23-923c-4a12-99eb-c27f551a0539" daemon [_thread_in_Java, id=5560, stack(0x0000007e4b600000,0x0000007e4b700000) (1024K)]
  0x0000022b5c8c0500 JavaThread "Bundle File Closer"         daemon [_thread_blocked, id=11156, stack(0x0000007e4af00000,0x0000007e4b000000) (1024K)]
  0x0000022b5ca75090 JavaThread "SCR Component Actor"        daemon [_thread_blocked, id=12476, stack(0x0000007e4b700000,0x0000007e4b800000) (1024K)]
  0x0000022b5cb0bb00 JavaThread "SCR Component Registry"     daemon [_thread_blocked, id=13140, stack(0x0000007e4b800000,0x0000007e4b900000) (1024K)]
  0x0000022b5c599dd0 JavaThread "Worker-JM"                         [_thread_blocked, id=5648, stack(0x0000007e4b900000,0x0000007e4ba00000) (1024K)]
  0x0000022b5c59a460 JavaThread "Worker-0: Checking project encoding"        [_thread_blocked, id=10712, stack(0x0000007e4ba00000,0x0000007e4bb00000) (1024K)]
  0x0000022b5c59b810 JavaThread "Worker-1"                          [_thread_blocked, id=1676, stack(0x0000007e4bb00000,0x0000007e4bc00000) (1024K)]
  0x0000022b5d16d730 JavaThread "C2 CompilerThread1"         daemon [_thread_blocked, id=10044, stack(0x0000007e4bc00000,0x0000007e4bd00000) (1024K)]
Total: 22

Other Threads:
  0x0000022b157bdcc0 VMThread "VM Thread"                           [id=8580, stack(0x0000007e4a400000,0x0000007e4a500000) (1024K)]
  0x0000022b7ff506a0 WatcherThread "VM Periodic Task Thread"        [id=4988, stack(0x0000007e4a300000,0x0000007e4a400000) (1024K)]
  0x0000022b7ff05130 WorkerThread "GC Thread#0"                     [id=3012, stack(0x0000007e4a200000,0x0000007e4a300000) (1024K)]
  0x0000022b5c4f5480 WorkerThread "GC Thread#1"                     [id=10676, stack(0x0000007e4b000000,0x0000007e4b100000) (1024K)]
  0x0000022b5c4f5820 WorkerThread "GC Thread#2"                     [id=2300, stack(0x0000007e4b100000,0x0000007e4b200000) (1024K)]
  0x0000022b5c4f5bc0 WorkerThread "GC Thread#3"                     [id=6404, stack(0x0000007e4b200000,0x0000007e4b300000) (1024K)]
Total: 6

Threads with active compile tasks:
C2 CompilerThread0  5920 3511       4       java.lang.invoke.MethodType::makeImpl (109 bytes)
C1 CompilerThread0  5920 3602   !   3       org.eclipse.osgi.internal.serviceregistry.ServiceRegistrationImpl::getReferenceImpl (57 bytes)
Total: 2

VM state: not at safepoint (normal execution)

VM Mutex/Monitor currently owned by a thread: None

Heap address: 0x00000000c0000000, size: 1024 MB, Compressed Oops mode: 32-bit

CDS archive(s) mapped at: [0x0000022b16000000-0x0000022b16ba0000-0x0000022b16ba0000), size 12189696, SharedBaseAddress: 0x0000022b16000000, ArchiveRelocationMode: 1.
Compressed class space mapped at: 0x0000022b17000000-0x0000022b57000000, reserved size: 1073741824
Narrow klass base: 0x0000022b16000000, Narrow klass shift: 0, Narrow klass range: 0x100000000

GC Precious Log:
 CardTable entry size: 512
 CPUs: 4 total, 4 available
 Memory: 8088M
 Large Page Support: Disabled
 NUMA Support: Disabled
 Compressed Oops: Enabled (32-bit)
 Alignments: Space 512K, Generation 512K, Heap 2M
 Heap Min Capacity: 100M
 Heap Initial Capacity: 100M
 Heap Max Capacity: 1G
 Pre-touch: Disabled
 Parallel Workers: 4

Heap:
 PSYoungGen      total 29184K, used 21344K [0x00000000eab00000, 0x00000000ecf80000, 0x0000000100000000)
  eden space 25088K, 68% used [0x00000000eab00000,0x00000000ebbdbbc8,0x00000000ec380000)
  from space 4096K, 99% used [0x00000000ec400000,0x00000000ec7fc5e8,0x00000000ec800000)
  to   space 6144K, 0% used [0x00000000ec980000,0x00000000ec980000,0x00000000ecf80000)
 ParOldGen       total 68608K, used 8179K [0x00000000c0000000, 0x00000000c4300000, 0x00000000eab00000)
  object space 68608K, 11% used [0x00000000c0000000,0x00000000c07fceb8,0x00000000c4300000)
 Metaspace       used 17822K, committed 18496K, reserved 1114112K
  class space    used 1779K, committed 2048K, reserved 1048576K

Card table byte_map: [0x0000022b7f890000,0x0000022b7faa0000] _byte_map_base: 0x0000022b7f290000

Marking Bits: (ParMarkBitMap*) 0x00007fff2e7a2250
 Begin Bits: [0x0000022b136a0000, 0x0000022b146a0000)
 End Bits:   [0x0000022b146a0000, 0x0000022b156a0000)

Polling page: 0x0000022b7f2c0000

Metaspace:

Usage:
  Non-class:     15.67 MB used.
      Class:      1.74 MB used.
       Both:     17.41 MB used.

Virtual space:
  Non-class space:       64.00 MB reserved,      16.06 MB ( 25%) committed,  1 nodes.
      Class space:        1.00 GB reserved,       2.00 MB ( <1%) committed,  1 nodes.
             Both:        1.06 GB reserved,      18.06 MB (  2%) committed. 

Chunk freelists:
   Non-Class:  15.88 MB
       Class:  14.04 MB
        Both:  29.92 MB

MaxMetaspaceSize: unlimited
CompressedClassSpaceSize: 1.00 GB
Initial GC threshold: 21.00 MB
Current GC threshold: 21.00 MB
CDS: on
 - commit_granule_bytes: 65536.
 - commit_granule_words: 8192.
 - virtual_space_node_default_size: 8388608.
 - enlarge_chunks_in_place: 1.
 - use_allocation_guard: 0.


Internal statistics:

num_allocs_failed_limit: 0.
num_arena_births: 496.
num_arena_deaths: 0.
num_vsnodes_births: 2.
num_vsnodes_deaths: 0.
num_space_committed: 289.
num_space_uncommitted: 0.
num_chunks_returned_to_freelist: 0.
num_chunks_taken_from_freelist: 1166.
num_chunk_merges: 0.
num_chunk_splits: 742.
num_chunks_enlarged: 465.
num_inconsistent_stats: 0.

CodeHeap 'non-profiled nmethods': size=120000Kb used=1507Kb max_used=1507Kb free=118492Kb
 bounds [0x0000022b0c170000, 0x0000022b0c3e0000, 0x0000022b136a0000]
CodeHeap 'profiled nmethods': size=120000Kb used=7473Kb max_used=7473Kb free=112526Kb
 bounds [0x0000022b046a0000, 0x0000022b04df0000, 0x0000022b0bbd0000]
CodeHeap 'non-nmethods': size=5760Kb used=1257Kb max_used=1277Kb free=4503Kb
 bounds [0x0000022b0bbd0000, 0x0000022b0be40000, 0x0000022b0c170000]
 total_blobs=4130 nmethods=3601 adapters=435
 compilation: enabled
              stopped_count=0, restarted_count=0
 full_count=0

Compilation events (20 events):
Event: 5.868 Thread 0x0000022b1584cd00 3585  s!   3       java.lang.StackTraceElement::computeFormat (71 bytes)
Event: 5.868 Thread 0x0000022b1584cd00 nmethod 3585 0x0000022b04de3590 code [0x0000022b04de37a0, 0x0000022b04de3f98]
Event: 5.869 Thread 0x0000022b1584cd00 3586       3       java.lang.Module::getLayer (43 bytes)
Event: 5.869 Thread 0x0000022b1584cd00 nmethod 3586 0x0000022b04de4210 code [0x0000022b04de43e0, 0x0000022b04de4778]
Event: 5.873 Thread 0x0000022b1584cd00 3587   !   3       org.eclipse.osgi.internal.serviceregistry.ServiceProperties::cloneValue (106 bytes)
Event: 5.874 Thread 0x0000022b1584cd00 nmethod 3587 0x0000022b04de4890 code [0x0000022b04de4bc0, 0x0000022b04de5d80]
Event: 5.877 Thread 0x0000022b1584cd00 3588       3       jdk.internal.reflect.ReflectionFactory::copyMethod (11 bytes)
Event: 5.877 Thread 0x0000022b1584cd00 nmethod 3588 0x0000022b04de6210 code [0x0000022b04de63c0, 0x0000022b04de65b8]
Event: 5.877 Thread 0x0000022b1584cd00 3589       3       java.lang.reflect.Method::<init> (68 bytes)
Event: 5.877 Thread 0x0000022b1584cd00 nmethod 3589 0x0000022b04de6710 code [0x0000022b04de68c0, 0x0000022b04de6bd0]
Event: 5.879 Thread 0x0000022b1584cd00 3592       3       jdk.internal.org.objectweb.asm.AnnotationWriter::putAnnotations (110 bytes)
Event: 5.879 Thread 0x0000022b1584cd00 nmethod 3592 0x0000022b04de6d10 code [0x0000022b04de6f20, 0x0000022b04de7340]
Event: 5.879 Thread 0x0000022b1584cd00 3594       3       java.lang.invoke.MemberName::getFactory (4 bytes)
Event: 5.879 Thread 0x0000022b1584cd00 nmethod 3594 0x0000022b04de7610 code [0x0000022b04de77a0, 0x0000022b04de7898]
Event: 5.880 Thread 0x0000022b1584cd00 3595       3       org.eclipse.core.internal.preferences.EclipsePreferences::internalNode (153 bytes)
Event: 5.882 Thread 0x0000022b1584cd00 nmethod 3595 0x0000022b04de7910 code [0x0000022b04de7d20, 0x0000022b04de9db8]
Event: 5.882 Thread 0x0000022b1584cd00 3596       3       java.util.EventObject::<init> (24 bytes)
Event: 5.882 Thread 0x0000022b1584cd00 nmethod 3596 0x0000022b04dea910 code [0x0000022b04deaac0, 0x0000022b04dead40]
Event: 5.882 Thread 0x0000022b1584cd00 3597       3       org.eclipse.core.internal.preferences.EclipsePreferences::node (8 bytes)
Event: 5.882 Thread 0x0000022b1584cd00 nmethod 3597 0x0000022b04deae90 code [0x0000022b04deb040, 0x0000022b04deb218]

GC Heap History (10 events):
Event: 1.793 GC heap before
{Heap before GC invocations=1 (full 0):
 PSYoungGen      total 29696K, used 25600K [0x00000000eab00000, 0x00000000ecc00000, 0x0000000100000000)
  eden space 25600K, 100% used [0x00000000eab00000,0x00000000ec400000,0x00000000ec400000)
  from space 4096K, 0% used [0x00000000ec800000,0x00000000ec800000,0x00000000ecc00000)
  to   space 4096K, 0% used [0x00000000ec400000,0x00000000ec400000,0x00000000ec800000)
 ParOldGen       total 68608K, used 0K [0x00000000c0000000, 0x00000000c4300000, 0x00000000eab00000)
  object space 68608K, 0% used [0x00000000c0000000,0x00000000c0000000,0x00000000c4300000)
 Metaspace       used 4356K, committed 4544K, reserved 1114112K
  class space    used 435K, committed 512K, reserved 1048576K
}
Event: 1.804 GC heap after
{Heap after GC invocations=1 (full 0):
 PSYoungGen      total 29696K, used 3198K [0x00000000eab00000, 0x00000000ecc00000, 0x0000000100000000)
  eden space 25600K, 0% used [0x00000000eab00000,0x00000000eab00000,0x00000000ec400000)
  from space 4096K, 78% used [0x00000000ec400000,0x00000000ec71fb10,0x00000000ec800000)
  to   space 4096K, 0% used [0x00000000ec800000,0x00000000ec800000,0x00000000ecc00000)
 ParOldGen       total 68608K, used 0K [0x00000000c0000000, 0x00000000c4300000, 0x00000000eab00000)
  object space 68608K, 0% used [0x00000000c0000000,0x00000000c0000000,0x00000000c4300000)
 Metaspace       used 4356K, committed 4544K, reserved 1114112K
  class space    used 435K, committed 512K, reserved 1048576K
}
Event: 2.757 GC heap before
{Heap before GC invocations=2 (full 0):
 PSYoungGen      total 29696K, used 28798K [0x00000000eab00000, 0x00000000ecc00000, 0x0000000100000000)
  eden space 25600K, 100% used [0x00000000eab00000,0x00000000ec400000,0x00000000ec400000)
  from space 4096K, 78% used [0x00000000ec400000,0x00000000ec71fb10,0x00000000ec800000)
  to   space 4096K, 0% used [0x00000000ec800000,0x00000000ec800000,0x00000000ecc00000)
 ParOldGen       total 68608K, used 0K [0x00000000c0000000, 0x00000000c4300000, 0x00000000eab00000)
  object space 68608K, 0% used [0x00000000c0000000,0x00000000c0000000,0x00000000c4300000)
 Metaspace       used 7974K, committed 8256K, reserved 1114112K
  class space    used 779K, committed 896K, reserved 1048576K
}
Event: 2.764 GC heap after
{Heap after GC invocations=2 (full 0):
 PSYoungGen      total 29696K, used 4078K [0x00000000eab00000, 0x00000000ecc00000, 0x0000000100000000)
  eden space 25600K, 0% used [0x00000000eab00000,0x00000000eab00000,0x00000000ec400000)
  from space 4096K, 99% used [0x00000000ec800000,0x00000000ecbfbb00,0x00000000ecc00000)
  to   space 4096K, 0% used [0x00000000ec400000,0x00000000ec400000,0x00000000ec800000)
 ParOldGen       total 68608K, used 1723K [0x00000000c0000000, 0x00000000c4300000, 0x00000000eab00000)
  object space 68608K, 2% used [0x00000000c0000000,0x00000000c01aece8,0x00000000c4300000)
 Metaspace       used 7974K, committed 8256K, reserved 1114112K
  class space    used 779K, committed 896K, reserved 1048576K
}
Event: 3.971 GC heap before
{Heap before GC invocations=3 (full 0):
 PSYoungGen      total 29696K, used 29678K [0x00000000eab00000, 0x00000000ecc00000, 0x0000000100000000)
  eden space 25600K, 100% used [0x00000000eab00000,0x00000000ec400000,0x00000000ec400000)
  from space 4096K, 99% used [0x00000000ec800000,0x00000000ecbfbb00,0x00000000ecc00000)
  to   space 4096K, 0% used [0x00000000ec400000,0x00000000ec400000,0x00000000ec800000)
 ParOldGen       total 68608K, used 1723K [0x00000000c0000000, 0x00000000c4300000, 0x00000000eab00000)
  object space 68608K, 2% used [0x00000000c0000000,0x00000000c01aece8,0x00000000c4300000)
 Metaspace       used 9203K, committed 9536K, reserved 1114112K
  class space    used 917K, committed 1088K, reserved 1048576K
}
Event: 3.980 GC heap after
{Heap after GC invocations=3 (full 0):
 PSYoungGen      total 29696K, used 4087K [0x00000000eab00000, 0x00000000ecc00000, 0x0000000100000000)
  eden space 25600K, 0% used [0x00000000eab00000,0x00000000eab00000,0x00000000ec400000)
  from space 4096K, 99% used [0x00000000ec400000,0x00000000ec7fdf18,0x00000000ec800000)
  to   space 4096K, 0% used [0x00000000ec800000,0x00000000ec800000,0x00000000ecc00000)
 ParOldGen       total 68608K, used 5831K [0x00000000c0000000, 0x00000000c4300000, 0x00000000eab00000)
  object space 68608K, 8% used [0x00000000c0000000,0x00000000c05b1f18,0x00000000c4300000)
 Metaspace       used 9203K, committed 9536K, reserved 1114112K
  class space    used 917K, committed 1088K, reserved 1048576K
}
Event: 4.903 GC heap before
{Heap before GC invocations=4 (full 0):
 PSYoungGen      total 29696K, used 29687K [0x00000000eab00000, 0x00000000ecc00000, 0x0000000100000000)
  eden space 25600K, 100% used [0x00000000eab00000,0x00000000ec400000,0x00000000ec400000)
  from space 4096K, 99% used [0x00000000ec400000,0x00000000ec7fdf18,0x00000000ec800000)
  to   space 4096K, 0% used [0x00000000ec800000,0x00000000ec800000,0x00000000ecc00000)
 ParOldGen       total 68608K, used 5831K [0x00000000c0000000, 0x00000000c4300000, 0x00000000eab00000)
  object space 68608K, 8% used [0x00000000c0000000,0x00000000c05b1f18,0x00000000c4300000)
 Metaspace       used 12533K, committed 12992K, reserved 1114112K
  class space    used 1247K, committed 1472K, reserved 1048576K
}
Event: 4.908 GC heap after
{Heap after GC invocations=4 (full 0):
 PSYoungGen      total 29696K, used 4083K [0x00000000eab00000, 0x00000000ecc00000, 0x0000000100000000)
  eden space 25600K, 0% used [0x00000000eab00000,0x00000000eab00000,0x00000000ec400000)
  from space 4096K, 99% used [0x00000000ec800000,0x00000000ecbfcee8,0x00000000ecc00000)
  to   space 4096K, 0% used [0x00000000ec400000,0x00000000ec400000,0x00000000ec800000)
 ParOldGen       total 68608K, used 6702K [0x00000000c0000000, 0x00000000c4300000, 0x00000000eab00000)
  object space 68608K, 9% used [0x00000000c0000000,0x00000000c068b840,0x00000000c4300000)
 Metaspace       used 12533K, committed 12992K, reserved 1114112K
  class space    used 1247K, committed 1472K, reserved 1048576K
}
Event: 5.548 GC heap before
{Heap before GC invocations=5 (full 0):
 PSYoungGen      total 29696K, used 29649K [0x00000000eab00000, 0x00000000ecc00000, 0x0000000100000000)
  eden space 25600K, 99% used [0x00000000eab00000,0x00000000ec3f77c8,0x00000000ec400000)
  from space 4096K, 99% used [0x00000000ec800000,0x00000000ecbfcee8,0x00000000ecc00000)
  to   space 4096K, 0% used [0x00000000ec400000,0x00000000ec400000,0x00000000ec800000)
 ParOldGen       total 68608K, used 6702K [0x00000000c0000000, 0x00000000c4300000, 0x00000000eab00000)
  object space 68608K, 9% used [0x00000000c0000000,0x00000000c068b840,0x00000000c4300000)
 Metaspace       used 16451K, committed 17024K, reserved 1114112K
  class space    used 1632K, committed 1856K, reserved 1048576K
}
Event: 5.555 GC heap after
{Heap after GC invocations=5 (full 0):
 PSYoungGen      total 29184K, used 4081K [0x00000000eab00000, 0x00000000ecf80000, 0x0000000100000000)
  eden space 25088K, 0% used [0x00000000eab00000,0x00000000eab00000,0x00000000ec380000)
  from space 4096K, 99% used [0x00000000ec400000,0x00000000ec7fc5e8,0x00000000ec800000)
  to   space 6144K, 0% used [0x00000000ec980000,0x00000000ec980000,0x00000000ecf80000)
 ParOldGen       total 68608K, used 8179K [0x00000000c0000000, 0x00000000c4300000, 0x00000000eab00000)
  object space 68608K, 11% used [0x00000000c0000000,0x00000000c07fceb8,0x00000000c4300000)
 Metaspace       used 16451K, committed 17024K, reserved 1114112K
  class space    used 1632K, committed 1856K, reserved 1048576K
}

Dll operation events (11 events):
Event: 0.008 Loaded shared library c:\Users\rfmen\.vscode\extensions\redhat.java-1.39.0-win32-x64\jre\21.0.5-win32-x86_64\bin\java.dll
Event: 0.332 Loaded shared library c:\Users\rfmen\.vscode\extensions\redhat.java-1.39.0-win32-x64\jre\21.0.5-win32-x86_64\bin\zip.dll
Event: 0.365 Loaded shared library C:\Users\rfmen\.vscode\extensions\redhat.java-1.39.0-win32-x64\jre\21.0.5-win32-x86_64\bin\instrument.dll
Event: 0.381 Loaded shared library C:\Users\rfmen\.vscode\extensions\redhat.java-1.39.0-win32-x64\jre\21.0.5-win32-x86_64\bin\net.dll
Event: 0.418 Loaded shared library C:\Users\rfmen\.vscode\extensions\redhat.java-1.39.0-win32-x64\jre\21.0.5-win32-x86_64\bin\nio.dll
Event: 0.422 Loaded shared library C:\Users\rfmen\.vscode\extensions\redhat.java-1.39.0-win32-x64\jre\21.0.5-win32-x86_64\bin\zip.dll
Event: 0.464 Loaded shared library C:\Users\rfmen\.vscode\extensions\redhat.java-1.39.0-win32-x64\jre\21.0.5-win32-x86_64\bin\jimage.dll
Event: 0.670 Loaded shared library c:\Users\rfmen\.vscode\extensions\redhat.java-1.39.0-win32-x64\jre\21.0.5-win32-x86_64\bin\verify.dll
Event: 2.718 Loaded shared library C:\Users\rfmen\AppData\Roaming\Code\User\globalStorage\redhat.java\1.39.0\config_win\org.eclipse.equinox.launcher\org.eclipse.equinox.launcher.win32.win32.x86_64_1.2.1100.v20240722-2106\eclipse_11904.dll
Event: 5.282 Loaded shared library C:\Users\rfmen\.vscode\extensions\redhat.java-1.39.0-win32-x64\jre\21.0.5-win32-x86_64\bin\management.dll
Event: 5.285 Loaded shared library C:\Users\rfmen\.vscode\extensions\redhat.java-1.39.0-win32-x64\jre\21.0.5-win32-x86_64\bin\management_ext.dll

Deoptimization events (20 events):
Event: 5.638 Thread 0x0000022b5c5ef040 DEOPT PACKING pc=0x0000022b0c2c83f0 sp=0x0000007e4b6f3880
Event: 5.638 Thread 0x0000022b5c5ef040 DEOPT UNPACKING pc=0x0000022b0bc23aa2 sp=0x0000007e4b6f3810 mode 2
Event: 5.638 Thread 0x0000022b5c5ef040 Uncommon trap: trap_request=0xffffffde fr.pc=0x0000022b0c2c83f0 relative=0x0000000000000050
Event: 5.638 Thread 0x0000022b5c5ef040 Uncommon trap: reason=class_check action=maybe_recompile pc=0x0000022b0c2c83f0 method=java.lang.invoke.DirectMethodHandle.internalMemberName(Ljava/lang/Object;)Ljava/lang/Object; @ 1 c2
Event: 5.638 Thread 0x0000022b5c5ef040 DEOPT PACKING pc=0x0000022b0c2c83f0 sp=0x0000007e4b6f38b0
Event: 5.638 Thread 0x0000022b5c5ef040 DEOPT UNPACKING pc=0x0000022b0bc23aa2 sp=0x0000007e4b6f3840 mode 2
Event: 5.638 Thread 0x0000022b5c5ef040 Uncommon trap: trap_request=0xffffffde fr.pc=0x0000022b0c2c83f0 relative=0x0000000000000050
Event: 5.638 Thread 0x0000022b5c5ef040 Uncommon trap: reason=class_check action=maybe_recompile pc=0x0000022b0c2c83f0 method=java.lang.invoke.DirectMethodHandle.internalMemberName(Ljava/lang/Object;)Ljava/lang/Object; @ 1 c2
Event: 5.638 Thread 0x0000022b5c5ef040 DEOPT PACKING pc=0x0000022b0c2c83f0 sp=0x0000007e4b6f38b0
Event: 5.638 Thread 0x0000022b5c5ef040 DEOPT UNPACKING pc=0x0000022b0bc23aa2 sp=0x0000007e4b6f3840 mode 2
Event: 5.782 Thread 0x0000022b5c5ef040 DEOPT PACKING pc=0x0000022b049c8246 sp=0x0000007e4b6f01d0
Event: 5.782 Thread 0x0000022b5c5ef040 DEOPT UNPACKING pc=0x0000022b0bc24242 sp=0x0000007e4b6ef750 mode 0
Event: 5.841 Thread 0x0000022b5c5ef040 DEOPT PACKING pc=0x0000022b0479fe86 sp=0x0000007e4b6f0d00
Event: 5.841 Thread 0x0000022b5c5ef040 DEOPT UNPACKING pc=0x0000022b0bc24242 sp=0x0000007e4b6f0180 mode 0
Event: 5.843 Thread 0x0000022b5c5ef040 DEOPT PACKING pc=0x0000022b0479fe86 sp=0x0000007e4b6f0f50
Event: 5.843 Thread 0x0000022b5c5ef040 DEOPT UNPACKING pc=0x0000022b0bc24242 sp=0x0000007e4b6f03d0 mode 0
Event: 5.854 Thread 0x0000022b5c5ef040 Uncommon trap: trap_request=0xffffff45 fr.pc=0x0000022b0c2e1e38 relative=0x0000000000000a58
Event: 5.854 Thread 0x0000022b5c5ef040 Uncommon trap: reason=unstable_if action=reinterpret pc=0x0000022b0c2e1e38 method=java.util.HashMap.putVal(ILjava/lang/Object;Ljava/lang/Object;ZZ)Ljava/lang/Object; @ 193 c2
Event: 5.854 Thread 0x0000022b5c5ef040 DEOPT PACKING pc=0x0000022b0c2e1e38 sp=0x0000007e4b6f2030
Event: 5.854 Thread 0x0000022b5c5ef040 DEOPT UNPACKING pc=0x0000022b0bc23aa2 sp=0x0000007e4b6f1fc0 mode 2

Classes loaded (20 events):
Event: 5.538 Loading class sun/net/www/protocol/jrt/JavaRuntimeURLConnection$1
Event: 5.538 Loading class sun/net/www/protocol/jrt/JavaRuntimeURLConnection$1 done
Event: 5.564 Loading class java/util/function/UnaryOperator
Event: 5.564 Loading class java/util/function/UnaryOperator done
Event: 5.565 Loading class java/util/ServiceConfigurationError
Event: 5.566 Loading class java/util/ServiceConfigurationError done
Event: 5.584 Loading class java/lang/InheritableThreadLocal
Event: 5.584 Loading class java/lang/InheritableThreadLocal done
Event: 5.633 Loading class java/security/AccessControlException
Event: 5.633 Loading class java/security/AccessControlException done
Event: 5.697 Loading class java/security/Policy$UnsupportedEmptyCollection
Event: 5.697 Loading class java/security/Policy$UnsupportedEmptyCollection done
Event: 5.697 Loading class java/security/Policy$PolicyInfo
Event: 5.697 Loading class java/security/Policy$PolicyInfo done
Event: 5.861 Loading class java/text/MessageFormat
Event: 5.861 Loading class java/text/MessageFormat done
Event: 5.862 Loading class java/text/MessageFormat$Field
Event: 5.862 Loading class java/text/MessageFormat$Field done
Event: 5.864 Loading class java/lang/StackTraceElement$HashedModules
Event: 5.864 Loading class java/lang/StackTraceElement$HashedModules done

Classes unloaded (0 events):
No events

Classes redefined (0 events):
No events

Internal exceptions (20 events):
Event: 5.205 Thread 0x0000022b5c5ef040 Exception <a 'java/lang/NoSuchMethodError'{0x00000000eb79d710}: 'java.lang.Object java.lang.invoke.DelegatingMethodHandle$Holder.reinvoke_L(java.lang.Object, java.lang.Object, java.lang.Object, java.lang.Object, int, int)'> (0x00000000eb79d710) 
thrown [s\src\hotspot\share\interpreter\linkResolver.cpp, line 773]
Event: 5.209 Thread 0x0000022b5c5ef040 Exception <a 'java/lang/NoSuchMethodError'{0x00000000eb7b9800}: 'java.lang.Object java.lang.invoke.DirectMethodHandle$Holder.newInvokeSpecial(java.lang.Object, java.lang.Object, java.lang.Object, java.lang.Object, java.lang.Object, java.lang.Object)'> (0x00000000eb7b9800) 
thrown [s\src\hotspot\share\interpreter\linkResolver.cpp, line 773]
Event: 5.216 Thread 0x0000022b5c5ef040 Exception <a 'java/lang/NoSuchMethodError'{0x00000000eb7e5210}: 'void java.lang.invoke.Invokers$Holder.invokeExact_MT(java.lang.Object, java.lang.Object, java.lang.Object, java.lang.Object)'> (0x00000000eb7e5210) 
thrown [s\src\hotspot\share\interpreter\linkResolver.cpp, line 773]
Event: 5.274 Thread 0x0000022b5c5ef040 Exception <a 'java/io/FileNotFoundException'{0x00000000eb912668}> (0x00000000eb912668) 
thrown [s\src\hotspot\share\prims\jni.cpp, line 520]
Event: 5.279 Thread 0x0000022b5c5ef040 Exception <a 'java/io/FileNotFoundException'{0x00000000eb930940}> (0x00000000eb930940) 
thrown [s\src\hotspot\share\prims\jni.cpp, line 520]
Event: 5.280 Thread 0x0000022b5c5ef040 Exception <a 'java/io/FileNotFoundException'{0x00000000eb937848}> (0x00000000eb937848) 
thrown [s\src\hotspot\share\prims\jni.cpp, line 520]
Event: 5.354 Thread 0x0000022b5c5ef040 Exception <a 'java/lang/NoSuchMethodError'{0x00000000ebd16eb0}: 'java.lang.Object java.lang.invoke.DirectMethodHandle$Holder.newInvokeSpecial(java.lang.Object, java.lang.Object, java.lang.Object, java.lang.Object, java.lang.Object)'> (0x00000000ebd16eb0) 
thrown [s\src\hotspot\share\interpreter\linkResolver.cpp, line 773]
Event: 5.369 Thread 0x0000022b5c5ef040 Exception <a 'java/lang/NoSuchMethodError'{0x00000000ebe0a6d8}: 'java.lang.Object java.lang.invoke.DirectMethodHandle$Holder.invokeSpecial(java.lang.Object, java.lang.Object, java.lang.Object, long, java.lang.Object)'> (0x00000000ebe0a6d8) 
thrown [s\src\hotspot\share\interpreter\linkResolver.cpp, line 773]
Event: 5.370 Thread 0x0000022b5c5ef040 Exception <a 'java/lang/NoSuchMethodError'{0x00000000ebe11e68}: 'java.lang.Object java.lang.invoke.DirectMethodHandle$Holder.newInvokeSpecial(java.lang.Object, java.lang.Object, java.lang.Object, long)'> (0x00000000ebe11e68) 
thrown [s\src\hotspot\share\interpreter\linkResolver.cpp, line 773]
Event: 5.370 Thread 0x0000022b5c5ef040 Exception <a 'java/lang/NoSuchMethodError'{0x00000000ebe15ae8}: 'java.lang.Object java.lang.invoke.Invokers$Holder.linkToTargetMethod(java.lang.Object, java.lang.Object, long, java.lang.Object)'> (0x00000000ebe15ae8) 
thrown [s\src\hotspot\share\interpreter\linkResolver.cpp, line 773]
Event: 5.427 Thread 0x0000022b5c5ef040 Exception <a 'java/lang/IncompatibleClassChangeError'{0x00000000ebf305d0}: Found class java.lang.Object, but interface was expected> (0x00000000ebf305d0) 
thrown [s\src\hotspot\share\interpreter\linkResolver.cpp, line 840]
Event: 5.433 Thread 0x0000022b5c5ef040 Exception <a 'java/lang/NoSuchMethodError'{0x00000000ebf341f0}: 'java.lang.Object java.lang.invoke.DirectMethodHandle$Holder.invokeSpecial(java.lang.Object, java.lang.Object, java.lang.Object, int, java.lang.Object, java.lang.Object)'> (0x00000000ebf341f0) 
thrown [s\src\hotspot\share\interpreter\linkResolver.cpp, line 773]
Event: 5.434 Thread 0x0000022b5c5ef040 Exception <a 'java/lang/NoSuchMethodError'{0x00000000ebf3ba88}: 'java.lang.Object java.lang.invoke.DirectMethodHandle$Holder.newInvokeSpecial(java.lang.Object, java.lang.Object, java.lang.Object, int, java.lang.Object)'> (0x00000000ebf3ba88) 
thrown [s\src\hotspot\share\interpreter\linkResolver.cpp, line 773]
Event: 5.439 Thread 0x0000022b5c5ef040 Exception <a 'java/lang/NoSuchMethodError'{0x00000000ebf3f578}: 'java.lang.Object java.lang.invoke.Invokers$Holder.linkToTargetMethod(java.lang.Object, java.lang.Object, int, java.lang.Object, java.lang.Object)'> (0x00000000ebf3f578) 
thrown [s\src\hotspot\share\interpreter\linkResolver.cpp, line 773]
Event: 5.439 Thread 0x0000022b5c59a460 Exception <a 'java/lang/NoSuchMethodError'{0x00000000ebeba420}: 'java.lang.Object java.lang.invoke.DirectMethodHandle$Holder.invokeSpecial(java.lang.Object, java.lang.Object, int, java.lang.Object, java.lang.Object)'> (0x00000000ebeba420) 
thrown [s\src\hotspot\share\interpreter\linkResolver.cpp, line 773]
Event: 5.472 Thread 0x0000022b5c5ef040 Exception <a 'java/lang/NoSuchMethodError'{0x00000000ec05a860}: 'void java.lang.invoke.DirectMethodHandle$Holder.invokeSpecial(java.lang.Object, java.lang.Object, java.lang.Object, java.lang.Object, java.lang.Object)'> (0x00000000ec05a860) 
thrown [s\src\hotspot\share\interpreter\linkResolver.cpp, line 773]
Event: 5.638 Thread 0x0000022b5c5ef040 Exception <a 'java/lang/NoSuchMethodError'{0x00000000eaee66f8}: 'java.lang.Object java.lang.invoke.DirectMethodHandle$Holder.invokeInterface(java.lang.Object, java.lang.Object, java.lang.Object)'> (0x00000000eaee66f8) 
thrown [s\src\hotspot\share\interpreter\linkResolver.cpp, line 773]
Event: 5.745 Thread 0x0000022b5c5ef040 Exception <a 'java/lang/NoSuchMethodError'{0x00000000eb2c5708}: 'java.lang.Object java.lang.invoke.Invokers$Holder.linkToTargetMethod(java.lang.Object, long, java.lang.Object, java.lang.Object)'> (0x00000000eb2c5708) 
thrown [s\src\hotspot\share\interpreter\linkResolver.cpp, line 773]
Event: 5.878 Thread 0x0000022b5c5ef040 Exception <a 'java/io/FileNotFoundException'{0x00000000ebafa410}> (0x00000000ebafa410) 
thrown [s\src\hotspot\share\prims\jni.cpp, line 520]
Event: 5.879 Thread 0x0000022b5c5ef040 Exception <a 'java/lang/NoSuchMethodError'{0x00000000ebb02a28}: 'java.lang.Object java.lang.invoke.DirectMethodHandle$Holder.newInvokeSpecial(java.lang.Object, int, java.lang.Object, java.lang.Object)'> (0x00000000ebb02a28) 
thrown [s\src\hotspot\share\interpreter\linkResolver.cpp, line 773]

ZGC Phase Switch (0 events):
No events

VM Operations (20 events):
Event: 4.348 Executing VM operation: HandshakeAllThreads (Deoptimize)
Event: 4.348 Executing VM operation: HandshakeAllThreads (Deoptimize) done
Event: 4.507 Executing VM operation: HandshakeAllThreads (Deoptimize)
Event: 4.560 Executing VM operation: HandshakeAllThreads (Deoptimize) done
Event: 4.890 Executing VM operation: ICBufferFull
Event: 4.890 Executing VM operation: ICBufferFull done
Event: 4.903 Executing VM operation: ParallelGCFailedAllocation (Allocation Failure)
Event: 4.908 Executing VM operation: ParallelGCFailedAllocation (Allocation Failure) done
Event: 5.324 Executing VM operation: HandshakeAllThreads (Deoptimize)
Event: 5.324 Executing VM operation: HandshakeAllThreads (Deoptimize) done
Event: 5.484 Executing VM operation: ICBufferFull
Event: 5.484 Executing VM operation: ICBufferFull done
Event: 5.538 Executing VM operation: HandshakeAllThreads (Deoptimize)
Event: 5.538 Executing VM operation: HandshakeAllThreads (Deoptimize) done
Event: 5.548 Executing VM operation: ParallelGCFailedAllocation (Allocation Failure)
Event: 5.555 Executing VM operation: ParallelGCFailedAllocation (Allocation Failure) done
Event: 5.590 Executing VM operation: HandshakeAllThreads (Deoptimize)
Event: 5.590 Executing VM operation: HandshakeAllThreads (Deoptimize) done
Event: 5.597 Executing VM operation: HandshakeAllThreads (Deoptimize)
Event: 5.597 Executing VM operation: HandshakeAllThreads (Deoptimize) done

Memory protections (0 events):
No events

Nmethod flushes (0 events):
No events

Events (20 events):
Event: 0.158 Thread 0x0000022b7f0ca5c0 Thread added: 0x0000022b1584cd00
Event: 0.214 Thread 0x0000022b7f0ca5c0 Thread added: 0x0000022b1589e400
Event: 0.663 Thread 0x0000022b157d5dc0 Thread added: 0x0000022b57956dc0
Event: 0.947 Thread 0x0000022b57956dc0 Thread exited: 0x0000022b57956dc0
Event: 0.992 Thread 0x0000022b7f0ca5c0 Thread added: 0x0000022b57956dc0
Event: 1.315 Thread 0x0000022b157d5dc0 Thread added: 0x0000022b57a49350
Event: 2.360 Thread 0x0000022b7f0ca5c0 Thread added: 0x0000022b5c33c540
Event: 2.707 Thread 0x0000022b7f0ca5c0 Thread added: 0x0000022b5c4b0650
Event: 2.774 Thread 0x0000022b5c4b0650 Thread added: 0x0000022b5c52f740
Event: 2.780 Thread 0x0000022b7f0ca5c0 Thread added: 0x0000022b5c5ef040
Event: 2.807 Thread 0x0000022b57a49350 Thread exited: 0x0000022b57a49350
Event: 3.009 Thread 0x0000022b157d5dc0 Thread added: 0x0000022b5c5b4960
Event: 3.482 Thread 0x0000022b5c5b4960 Thread exited: 0x0000022b5c5b4960
Event: 3.761 Thread 0x0000022b5c5ef040 Thread added: 0x0000022b5c8c0500
Event: 4.308 Thread 0x0000022b5c5ef040 Thread added: 0x0000022b5ca75090
Event: 4.488 Thread 0x0000022b5c5ef040 Thread added: 0x0000022b5cb0bb00
Event: 5.071 Thread 0x0000022b5c5ef040 Thread added: 0x0000022b5c599dd0
Event: 5.375 Thread 0x0000022b5c5ef040 Thread added: 0x0000022b5c59a460
Event: 5.441 Thread 0x0000022b5c5ef040 Thread added: 0x0000022b5c59b810
Event: 5.841 Thread 0x0000022b1584cd00 Thread added: 0x0000022b5d16d730


Dynamic libraries:
0x00007ff710e40000 - 0x00007ff710e4e000 	c:\Users\rfmen\.vscode\extensions\redhat.java-1.39.0-win32-x64\jre\21.0.5-win32-x86_64\bin\java.exe
0x00007fff99eb0000 - 0x00007fff9a0a8000 	C:\Windows\SYSTEM32\ntdll.dll
0x00007fff99840000 - 0x00007fff99902000 	C:\Windows\System32\KERNEL32.DLL
0x00007fff97580000 - 0x00007fff9787f000 	C:\Windows\System32\KERNELBASE.dll
0x00007fff97b50000 - 0x00007fff97c50000 	C:\Windows\System32\ucrtbase.dll
0x00007fff7b9f0000 - 0x00007fff7ba08000 	c:\Users\rfmen\.vscode\extensions\redhat.java-1.39.0-win32-x64\jre\21.0.5-win32-x86_64\bin\jli.dll
0x00007fff99670000 - 0x00007fff9980d000 	C:\Windows\System32\USER32.dll
0x00007fff97da0000 - 0x00007fff97dc2000 	C:\Windows\System32\win32u.dll
0x00007fff99810000 - 0x00007fff9983b000 	C:\Windows\System32\GDI32.dll
0x00007fff97880000 - 0x00007fff9799a000 	C:\Windows\System32\gdi32full.dll
0x00007fff97c50000 - 0x00007fff97ced000 	C:\Windows\System32\msvcp_win.dll
0x00007fff7b740000 - 0x00007fff7b75e000 	c:\Users\rfmen\.vscode\extensions\redhat.java-1.39.0-win32-x64\jre\21.0.5-win32-x86_64\bin\VCRUNTIME140.dll
0x00007fff968b0000 - 0x00007fff96b4a000 	C:\Windows\WinSxS\amd64_microsoft.windows.common-controls_6595b64144ccf1df_6.0.19041.4355_none_60b8b9eb71f62e16\COMCTL32.dll
0x00007fff97ed0000 - 0x00007fff97f6e000 	C:\Windows\System32\msvcrt.dll
0x00007fff99530000 - 0x00007fff9955f000 	C:\Windows\System32\IMM32.DLL
0x00007fff85fd0000 - 0x00007fff85fdc000 	c:\Users\rfmen\.vscode\extensions\redhat.java-1.39.0-win32-x64\jre\21.0.5-win32-x86_64\bin\vcruntime140_1.dll
0x00007fff66140000 - 0x00007fff661cd000 	c:\Users\rfmen\.vscode\extensions\redhat.java-1.39.0-win32-x64\jre\21.0.5-win32-x86_64\bin\msvcp140.dll
0x00007fff2daf0000 - 0x00007fff2e87f000 	c:\Users\rfmen\.vscode\extensions\redhat.java-1.39.0-win32-x64\jre\21.0.5-win32-x86_64\bin\server\jvm.dll
0x00007fff98e10000 - 0x00007fff98ebf000 	C:\Windows\System32\ADVAPI32.dll
0x00007fff99d50000 - 0x00007fff99def000 	C:\Windows\System32\sechost.dll
0x00007fff98450000 - 0x00007fff98573000 	C:\Windows\System32\RPCRT4.dll
0x00007fff97550000 - 0x00007fff97577000 	C:\Windows\System32\bcrypt.dll
0x00007fff98f90000 - 0x00007fff98ffb000 	C:\Windows\System32\WS2_32.dll
0x00007fff973b0000 - 0x00007fff973fb000 	C:\Windows\SYSTEM32\POWRPROF.dll
0x00007fff89ec0000 - 0x00007fff89ee7000 	C:\Windows\SYSTEM32\WINMM.dll
0x00007fff93ed0000 - 0x00007fff93eda000 	C:\Windows\SYSTEM32\VERSION.dll
0x00007fff97390000 - 0x00007fff973a2000 	C:\Windows\SYSTEM32\UMPDC.dll
0x00007fff946e0000 - 0x00007fff946f2000 	C:\Windows\SYSTEM32\kernel.appcore.dll
0x00007fff7df90000 - 0x00007fff7df9a000 	c:\Users\rfmen\.vscode\extensions\redhat.java-1.39.0-win32-x64\jre\21.0.5-win32-x86_64\bin\jimage.dll
0x00007fff96ca0000 - 0x00007fff96e84000 	C:\Windows\SYSTEM32\DBGHELP.DLL
0x00007fff96c60000 - 0x00007fff96c94000 	C:\Windows\SYSTEM32\dbgcore.DLL
0x00007fff97dd0000 - 0x00007fff97e52000 	C:\Windows\System32\bcryptPrimitives.dll
0x00007fff75b00000 - 0x00007fff75b0f000 	c:\Users\rfmen\.vscode\extensions\redhat.java-1.39.0-win32-x64\jre\21.0.5-win32-x86_64\bin\instrument.dll
0x00007fff72df0000 - 0x00007fff72e0f000 	c:\Users\rfmen\.vscode\extensions\redhat.java-1.39.0-win32-x64\jre\21.0.5-win32-x86_64\bin\java.dll
0x00007fff986a0000 - 0x00007fff98e0d000 	C:\Windows\System32\SHELL32.dll
0x00007fff948e0000 - 0x00007fff95084000 	C:\Windows\SYSTEM32\windows.storage.dll
0x00007fff99910000 - 0x00007fff99c65000 	C:\Windows\System32\combase.dll
0x00007fff96810000 - 0x00007fff9683f000 	C:\Windows\SYSTEM32\Wldp.dll
0x00007fff992c0000 - 0x00007fff9938d000 	C:\Windows\System32\OLEAUT32.dll
0x00007fff98ee0000 - 0x00007fff98f8d000 	C:\Windows\System32\SHCORE.dll
0x00007fff99560000 - 0x00007fff995b5000 	C:\Windows\System32\shlwapi.dll
0x00007fff97480000 - 0x00007fff974a4000 	C:\Windows\SYSTEM32\profapi.dll
0x00007fff6de90000 - 0x00007fff6dea8000 	c:\Users\rfmen\.vscode\extensions\redhat.java-1.39.0-win32-x64\jre\21.0.5-win32-x86_64\bin\zip.dll
0x00007fff7a000000 - 0x00007fff7a010000 	C:\Users\rfmen\.vscode\extensions\redhat.java-1.39.0-win32-x64\jre\21.0.5-win32-x86_64\bin\net.dll
0x00007fff907b0000 - 0x00007fff908ba000 	C:\Windows\SYSTEM32\WINHTTP.dll
0x00007fff966e0000 - 0x00007fff9674c000 	C:\Windows\system32\mswsock.dll
0x00007fff6c530000 - 0x00007fff6c546000 	C:\Users\rfmen\.vscode\extensions\redhat.java-1.39.0-win32-x64\jre\21.0.5-win32-x86_64\bin\nio.dll
0x00007fff74250000 - 0x00007fff74260000 	c:\Users\rfmen\.vscode\extensions\redhat.java-1.39.0-win32-x64\jre\21.0.5-win32-x86_64\bin\verify.dll
0x00007fff4ef40000 - 0x00007fff4ef85000 	C:\Users\rfmen\AppData\Roaming\Code\User\globalStorage\redhat.java\1.39.0\config_win\org.eclipse.equinox.launcher\org.eclipse.equinox.launcher.win32.win32.x86_64_1.2.1100.v20240722-2106\eclipse_11904.dll
0x00007fff99390000 - 0x00007fff994bb000 	C:\Windows\System32\ole32.dll
0x00007fff72f20000 - 0x00007fff72f2a000 	C:\Users\rfmen\.vscode\extensions\redhat.java-1.39.0-win32-x64\jre\21.0.5-win32-x86_64\bin\management.dll
0x00007fff72de0000 - 0x00007fff72deb000 	C:\Users\rfmen\.vscode\extensions\redhat.java-1.39.0-win32-x64\jre\21.0.5-win32-x86_64\bin\management_ext.dll
0x00007fff98ed0000 - 0x00007fff98ed8000 	C:\Windows\System32\PSAPI.DLL

dbghelp: loaded successfully - version: 4.0.5 - missing functions: none
symbol engine: initialized successfully - sym options: 0x614 - pdb path: .;c:\Users\rfmen\.vscode\extensions\redhat.java-1.39.0-win32-x64\jre\21.0.5-win32-x86_64\bin;C:\Windows\SYSTEM32;C:\Windows\WinSxS\amd64_microsoft.windows.common-controls_6595b64144ccf1df_6.0.19041.4355_none_60b8b9eb71f62e16;c:\Users\rfmen\.vscode\extensions\redhat.java-1.39.0-win32-x64\jre\21.0.5-win32-x86_64\bin\server;C:\Users\rfmen\AppData\Roaming\Code\User\globalStorage\redhat.java\1.39.0\config_win\org.eclipse.equinox.launcher\org.eclipse.equinox.launcher.win32.win32.x86_64_1.2.1100.v20240722-2106

VM Arguments:
jvm_args: --add-modules=ALL-SYSTEM --add-opens=java.base/java.util=ALL-UNNAMED --add-opens=java.base/java.lang=ALL-UNNAMED --add-opens=java.base/sun.nio.fs=ALL-UNNAMED -Declipse.application=org.eclipse.jdt.ls.core.id1 -Dosgi.bundles.defaultStartLevel=4 -Declipse.product=org.eclipse.jdt.ls.core.product -Djava.import.generatesMetadataFilesAtProjectRoot=false -DDetectVMInstallationsJob.disabled=true -Dfile.encoding=utf8 -XX:+UseParallelGC -XX:GCTimeRatio=4 -XX:AdaptiveSizePolicyWeight=90 -Dsun.zip.disableMemoryMapping=true -Xmx1G -Xms100m -Xlog:disable -javaagent:c:\Users\rfmen\.vscode\extensions\redhat.java-1.39.0-win32-x64\lombok\lombok-1.18.34.jar -XX:+HeapDumpOnOutOfMemoryError -XX:HeapDumpPath=c:\Users\rfmen\AppData\Roaming\Code\User\workspaceStorage\bb6658dea6eaa70c7a1afc0cfa785c87\redhat.java -Daether.dependencyCollector.impl=bf 
java_command: c:\Users\rfmen\.vscode\extensions\redhat.java-1.39.0-win32-x64\server\plugins\org.eclipse.equinox.launcher_1.6.900.v20240613-2009.jar -configuration c:\Users\rfmen\AppData\Roaming\Code\User\globalStorage\redhat.java\1.39.0\config_win -data c:\Users\rfmen\AppData\Roaming\Code\User\workspaceStorage\bb6658dea6eaa70c7a1afc0cfa785c87\redhat.java\jdt_ws --pipe=\\.\pipe\lsp-6476b1823960734e904b7952e83af1a3-sock
java_class_path (initial): c:\Users\rfmen\.vscode\extensions\redhat.java-1.39.0-win32-x64\server\plugins\org.eclipse.equinox.launcher_1.6.900.v20240613-2009.jar
Launcher Type: SUN_STANDARD

[Global flags]
    uintx AdaptiveSizePolicyWeight                 = 90                                        {product} {command line}
     intx CICompilerCount                          = 3                                         {product} {ergonomic}
    uintx GCTimeRatio                              = 4                                         {product} {command line}
     bool HeapDumpOnOutOfMemoryError               = true                                   {manageable} {command line}
    ccstr HeapDumpPath                             = c:\Users\rfmen\AppData\Roaming\Code\User\workspaceStorage\bb6658dea6eaa70c7a1afc0cfa785c87\redhat.java         {manageable} {command line}
   size_t InitialHeapSize                          = 104857600                                 {product} {command line}
   size_t MaxHeapSize                              = 1073741824                                {product} {command line}
   size_t MaxNewSize                               = 357564416                                 {product} {ergonomic}
   size_t MinHeapDeltaBytes                        = 524288                                    {product} {ergonomic}
   size_t MinHeapSize                              = 104857600                                 {product} {command line}
   size_t NewSize                                  = 34603008                                  {product} {ergonomic}
    uintx NonNMethodCodeHeapSize                   = 5832780                                {pd product} {ergonomic}
    uintx NonProfiledCodeHeapSize                  = 122912730                              {pd product} {ergonomic}
   size_t OldSize                                  = 70254592                                  {product} {ergonomic}
    uintx ProfiledCodeHeapSize                     = 122912730                              {pd product} {ergonomic}
    uintx ReservedCodeCacheSize                    = 251658240                              {pd product} {ergonomic}
     bool SegmentedCodeCache                       = true                                      {product} {ergonomic}
   size_t SoftMaxHeapSize                          = 1073741824                             {manageable} {ergonomic}
     bool UseCompressedOops                        = true                           {product lp64_product} {ergonomic}
     bool UseLargePagesIndividualAllocation        = false                                  {pd product} {ergonomic}
     bool UseParallelGC                            = true                                      {product} {command line}

Logging:
Log output configuration:
 #0: stdout all=off uptime,level,tags foldmultilines=false
 #1: stderr all=off uptime,level,tags foldmultilines=false

Environment Variables:
JAVA_HOME=C:\Program Files\Eclipse Adoptium\jdk-21.0.5.11-hotspot\
PATH=C:/Users/rfmen/.pico-sdk/ninja/v1.12.1;C:/Users/rfmen/.pico-sdk/cmake/v3.28.6/binC:/Users/rfmen/.pico-sdk/python/3.12.6;C:/Users/rfmen/.pico-sdk/ninja/v1.12.1;C:/Users/rfmen/.pico-sdk/cmake/v3.28.6/binC:/Users/rfmen/.pico-sdk/python/3.12.6;C:\Program Files\Eclipse Adoptium\jdk-21.0.5.11-hotspot\bin;C:\Windows\system32;C:\Windows;C:\Windows\System32\Wbem;C:\Windows\System32\WindowsPowerShell\v1.0\;C:\Windows\System32\OpenSSH\;C:\Program Files (x86)\AMD\ATI.ACE\Core-Static;C:\Program Files (x86)\ATI Technologies\ATI.ACE\Core-Static;C:\Program Files (x86)\GNU Arm Embedded Toolchain\10 2021.10\bin;C:\Users\rfmen\OneDrive\Desktop\OpenOCD-20240916-0.12.0\bin;C:\msys64;C:\Program Files\CMake\bin;C:\msys64\mingw64\bin;C:\Users\rfmen\.pico-sdk;C:\Program Files\Eclipse Adoptium\jdk-21.0.5.11-hotspot\bin;C:\Windows\system32;C:\Windows;C:\Windows\System32\Wbem;C:\Windows\System32\WindowsPowerShell\v1.0\;C:\Windows\System32\OpenSSH\;C:\Program Files (x86)\AMD\ATI.ACE\Core-Static;C:\Program Files (x86)\ATI Technologies\ATI.ACE\Core-Static;C:\Program Files (x86)\GNU Arm Embedded Toolchain\10 2021.10\bin;C:\Users\rfmen\OneDrive\Desktop\OpenOCD-20240916-0.12.0\bin;C:\Users\rfmen\AppData\Local\Microsoft\WindowsApps;C:\Users\rfmen\AppData\Local\Programs\Microsoft VS Code\bin;C:\Users\rfmen\AppData\Local\Programs\Windsurf\bin;C:\mingw64\bin;C:\Program Files\CMake\bin;C:\Users\rfmen\.pico-sdk;
USERNAME=rfmen
OS=Windows_NT
PROCESSOR_IDENTIFIER=Intel64 Family 6 Model 58 Stepping 9, GenuineIntel
TMP=C:\Users\rfmen\AppData\Local\Temp
TEMP=C:\Users\rfmen\AppData\Local\Temp




Periodic native trim disabled

---------------  S Y S T E M  ---------------

OS:
 Windows 10 , 64 bit Build 19041 (10.0.19041.5438)
OS uptime: 0 days 3:21 hours

CPU: total 4 (initial active 4) (4 cores per cpu, 1 threads per core) family 6 model 58 stepping 9 microcode 0x21, cx8, cmov, fxsr, mmx, sse, sse2, sse3, ssse3, sse4.1, sse4.2, popcnt, tsc, tscinvbit, avx, aes, erms, clmul, vzeroupper, clflush, rdtscp, f16c
Processor Information for all 4 processors :
  Max Mhz: 3193, Current Mhz: 3193, Mhz Limit: 3193

Memory: 4k page, system-wide physical 8088M (478M free)
TotalPageFile size 9507M (AvailPageFile size 7M)
current process WorkingSet (physical memory assigned to process): 134M, peak: 134M
current process commit charge ("private bytes"): 231M, peak: 232M

vm_info: OpenJDK 64-Bit Server VM (21.0.5+11-LTS) for windows-amd64 JRE (21.0.5+11-LTS), built on 2024-10-15T00:00:00Z by "admin" with MS VC++ 17.7 (VS2022)

END.
